[3/1/2024 11:53:47] /reload
[3/1/2024 11:53:48] /reload mods
[3/1/2024 11:55:21] /m dragon
[3/1/2024 11:55:21] /m dragon
[3/1/2024 11:55:21] /m dragon
[3/1/2024 11:55:21] /m dragon
[3/1/2024 11:55:21] /m dragon
[3/1/2024 11:55:21] /m dragon
[3/1/2024 11:55:22] /m dragon
[3/1/2024 11:55:30] /m dragon
[3/1/2024 11:55:30] /m dragon
[3/1/2024 11:55:34] /m dragon
[3/1/2024 11:55:34] /m dragon
[3/1/2024 11:55:34] /m dragon
[3/1/2024 11:55:34] /m dragon
[3/1/2024 11:56:56] /reload mods
[3/1/2024 11:56:59] /m dragon
[3/1/2024 11:56:59] /m dragon
[3/1/2024 11:57:0] /m dragon
[3/1/2024 11:57:0] /m dragon
[3/1/2024 11:57:0] /m dragon
[3/1/2024 11:57:0] /m dragon
[3/1/2024 11:58:5] /reload mods
[3/1/2024 11:58:7] /m dragon
[3/1/2024 11:58:7] /m dragon
[3/1/2024 11:58:8] /m dragon
[3/1/2024 11:58:8] /m dragon
[3/1/2024 11:58:8] /m dragon
[3/1/2024 11:58:8] /m dragon
[3/1/2024 11:58:8] /m dragon
[3/1/2024 11:58:8] /m dragon
[3/1/2024 11:58:9] /m dragon
[3/1/2024 11:58:9] /m dragon
[3/1/2024 11:58:9] /m dragon
[3/1/2024 11:58:9] /m dragon
[3/1/2024 11:58:35] /reload mods
[3/1/2024 11:58:37] /m dragon
[3/1/2024 11:58:37] /m dragon
[3/1/2024 11:58:38] /m dragon
[3/1/2024 11:58:38] /m dragon
[3/1/2024 11:58:38] /m dragon
[3/1/2024 11:58:46] /m dragon
[3/1/2024 11:58:47] /m dragon
[3/1/2024 11:58:47] /m dragon
[3/1/2024 11:58:47] /m dragon
[3/1/2024 11:58:47] /m dragon
[3/1/2024 11:58:50] /m dragon
[3/1/2024 11:58:50] /m dragon
[3/1/2024 11:58:50] /m dragon
[3/1/2024 11:59:33] /m dragon
[3/1/2024 11:59:33] /m dragon
[3/1/2024 11:59:33] /m dragon
[3/1/2024 11:59:38] /m dragon
[3/1/2024 11:59:38] /m dragon
[3/1/2024 11:59:38] /m dragon
[3/1/2024 11:59:38] /m dragon
[3/1/2024 11:59:39] /m dragon
[3/1/2024 11:59:39] /m dragon
[3/1/2024 11:59:39] /m dragon
[3/1/2024 12:0:57] /reload mods
[3/1/2024 12:0:58] /m dragon
[3/1/2024 12:1:3] /m dragon
[3/1/2024 12:1:4] /m dragon
[3/1/2024 12:1:4] /m dragon
[3/1/2024 12:1:5] /m dragon
[3/1/2024 12:1:5] /m dragon
[3/1/2024 12:1:5] /m dragon
[3/1/2024 12:1:5] /m dragon
[3/1/2024 12:2:4] /m dragon
[3/1/2024 12:2:5] /m dragon
[3/1/2024 12:2:9] /m dragon
[3/1/2024 12:2:9] /m dragon
[3/1/2024 12:2:9] /m dragon
[3/1/2024 12:2:9] /m dragon
[3/1/2024 12:2:9] /m dragon
[3/1/2024 12:2:9] /m dragon
[3/1/2024 12:2:10] /m dragon
[3/1/2024 12:2:21] /m dragon
[3/1/2024 12:2:21] /m dragon
[3/1/2024 12:2:21] /m dragon
[3/1/2024 12:2:21] /m dragon
[3/1/2024 12:2:21] /m dragon
[3/1/2024 12:2:21] /m dragon
[3/1/2024 12:2:41] /i bolt
[3/1/2024 12:3:35] /m dragon
[3/1/2024 12:8:44] /m dragon
[3/1/2024 12:8:44] /m dragon
[3/1/2024 12:8:44] /m dragon
[3/1/2024 12:10:14] /m dragon
[3/1/2024 12:10:14] /m dragon
[3/1/2024 12:10:14] /m dragon
[3/1/2024 12:10:23] /m dragon
[3/1/2024 12:10:23] /m dragon
[3/1/2024 12:10:23] /m dragon
[3/1/2024 12:10:23] /m dragon
[3/1/2024 12:10:23] /m dragon
[3/1/2024 12:10:23] /m dragon
[3/1/2024 12:10:24] /m dragon
[3/1/2024 12:10:24] /m dragon
[3/1/2024 12:10:42] /m dragon
[3/1/2024 12:10:42] /m dragon
[3/1/2024 12:10:42] /m dragon
[3/1/2024 12:10:42] /m dragon
[3/1/2024 12:10:42] /m dragon
[3/1/2024 12:10:42] /m dragon
[3/1/2024 12:10:42] /m dragon
[3/1/2024 12:10:42] /m dragon
[3/1/2024 12:10:43] /m dragon
[3/1/2024 12:10:43] /m dragon
[3/1/2024 12:10:43] /m dragon
[3/1/2024 12:10:46] /m dragon
[3/1/2024 12:10:46] /m dragon
[3/1/2024 12:10:46] /m dragon
[3/1/2024 12:10:46] /m dragon
[3/1/2024 12:10:46] /m dragon
[3/1/2024 12:10:46] /m dragon
[3/1/2024 12:10:46] /m dragon
[3/1/2024 12:10:46] /m dragon
[3/1/2024 12:12:41] /m dragon
[3/1/2024 12:12:41] /m dragon
[3/1/2024 12:12:42] /m dragon
[3/1/2024 12:12:49] /m dragon
[3/1/2024 12:12:49] /m dragon
[3/1/2024 12:12:50] /m dragon
[3/1/2024 12:12:50] /m dragon
[3/1/2024 12:12:50] /m dragon
[3/1/2024 12:12:50] /m dragon
[3/1/2024 12:12:50] /m dragon
[3/1/2024 12:12:59] /reload mods
[3/1/2024 12:13:0] /m dragon
[3/1/2024 12:13:0] /m dragon
[3/1/2024 12:13:0] /m dragon
[3/1/2024 12:13:0] /m dragon
[3/1/2024 12:13:2] /m dragon
[3/1/2024 12:13:2] /m dragon
[3/1/2024 12:13:2] /m dragon
[3/1/2024 12:13:3] /m dragon
[3/1/2024 12:13:3] /m dragon
[3/1/2024 12:13:3] /m dragon
[3/1/2024 12:13:3] /m dragon
[3/1/2024 12:13:5] /m dragon
[3/1/2024 12:13:5] /m dragon
[3/1/2024 12:13:5] /m dragon
[3/1/2024 12:13:6] /m dragon
[3/1/2024 12:13:6] /m dragon
[3/1/2024 12:13:6] /m dragon
[3/1/2024 12:13:6] /m dragon
[3/1/2024 12:13:39] /m dragon
[3/1/2024 12:13:39] /m dragon
[3/1/2024 12:13:40] /m dragon
[3/1/2024 12:13:40] /m dragon
[3/1/2024 12:13:40] /m dragon
[3/1/2024 12:13:40] /m dragon
[3/1/2024 12:14:23] /m dragon
[3/1/2024 12:14:23] /m dragon
[3/1/2024 12:14:23] /m dragon
[3/1/2024 12:14:23] /m dragon
[3/1/2024 12:14:23] /m dragon
[3/1/2024 12:14:23] /m dragon
[3/1/2024 12:15:11] /m dragon
[3/1/2024 12:15:11] /m dragon
[3/1/2024 12:15:11] /m dragon
[3/1/2024 12:15:11] /m dragon
[3/1/2024 12:15:11] /m dragon
[3/1/2024 12:15:11] /m dragon
[3/1/2024 12:18:16] /m dragon
[3/1/2024 12:18:16] /m dragon
[3/1/2024 12:18:16] /m dragon
[3/1/2024 12:18:17] /m dragon
[3/1/2024 12:18:17] /m dragon
[3/1/2024 12:18:17] /m dragon
[3/1/2024 12:18:17] /m dragon
[3/1/2024 12:18:31] /m dragon
[3/1/2024 12:18:31] /m dragon
[3/1/2024 12:18:31] /m dragon
[3/1/2024 12:18:31] /m dragon
[3/1/2024 12:18:31] /m dragon
[3/1/2024 12:18:31] /m dragon
[3/1/2024 12:18:32] /m dragon
[3/1/2024 12:18:32] /m dragon
[3/1/2024 12:18:38] /m dragon
[3/1/2024 12:18:38] /m dragon
[3/1/2024 12:18:38] /m dragon
[3/1/2024 12:18:38] /m dragon
[3/1/2024 12:18:38] /m dragon
[3/1/2024 12:18:38] /m dragon
[3/1/2024 12:18:38] /m dragon
[3/1/2024 12:18:38] /m dragon
[3/1/2024 12:18:39] /m dragon
[3/1/2024 12:18:47] /m dragon
[3/1/2024 12:18:48] /m dragon
[3/1/2024 12:18:48] /m dragon
[3/1/2024 12:18:48] /m dragon
[3/1/2024 12:18:48] /m dragon
[3/1/2024 12:18:48] /m dragon
[3/1/2024 12:18:48] /m dragon
[3/1/2024 12:18:48] /m dragon
[3/1/2024 12:18:48] /m dragon
[3/1/2024 12:18:58] /m dragon
[3/1/2024 12:18:58] /m dragon
[3/1/2024 12:18:58] /m dragon
[3/1/2024 12:18:59] /m dragon
[3/1/2024 12:18:59] /m dragon
[3/1/2024 12:18:59] /m dragon
[3/1/2024 12:18:59] /m dragon
[3/1/2024 12:18:59] /m dragon
[3/1/2024 12:19:18] /m dragon
[3/1/2024 12:19:18] /m dragon
[3/1/2024 12:19:18] /m dragon
[3/1/2024 12:19:18] /m dragon
[3/1/2024 12:19:18] /m dragon
[3/1/2024 12:19:18] /m dragon
[3/1/2024 12:19:18] /m dragon
[3/1/2024 12:19:26] /m dragon
[3/1/2024 12:19:26] /m dragon
[3/1/2024 12:19:26] /m dragon
[3/1/2024 12:19:26] /m dragon
[3/1/2024 12:19:26] /m dragon
[3/1/2024 12:19:26] /m dragon
[3/1/2024 12:19:26] /m dragon
[3/1/2024 12:19:27] /m dragon
[3/1/2024 12:19:38] /m dragon
[3/1/2024 12:22:28] /m dragon
[3/1/2024 12:22:29] /m dragon
[3/1/2024 12:22:29] /m dragon
[3/1/2024 12:22:29] /m dragon
[3/1/2024 12:22:29] /m dragon
[3/1/2024 12:22:29] /m dragon
[3/1/2024 12:22:29] /m dragon
[3/1/2024 12:22:29] /m dragon
[3/1/2024 12:22:29] /m dragon
[3/1/2024 12:22:38] /m dragon
[3/1/2024 12:22:38] /m dragon
[3/1/2024 12:22:38] /m dragon
[3/1/2024 12:22:38] /m dragon
[3/1/2024 12:22:38] /m dragon
[3/1/2024 12:22:39] /m dragon
[3/1/2024 12:22:39] /m dragon
[3/1/2024 12:22:39] /m dragon
[3/1/2024 12:22:39] /m dragon
[3/1/2024 12:22:39] /m dragon
[3/1/2024 12:22:39] /m dragon
[3/1/2024 12:22:57] /m dragon
[3/1/2024 12:22:58] /m dragon
[3/1/2024 12:22:58] /m dragon
[3/1/2024 12:22:58] /m dragon
[3/1/2024 12:22:58] /m dragon
[3/1/2024 12:22:58] /m dragon
[3/1/2024 12:22:58] /m dragon
[3/1/2024 12:22:58] /m dragon
[3/1/2024 12:22:58] /m dragon
[3/1/2024 12:22:58] /m dragon
[3/1/2024 12:23:1] /m dragon
[3/1/2024 12:23:1] /m dragon
[3/1/2024 12:23:1] /m dragon
[3/1/2024 12:23:2] /m dragon
[3/1/2024 12:23:2] /m dragon
[3/1/2024 12:23:2] /m dragon
[3/1/2024 12:23:2] /m dragon
[3/1/2024 12:23:5] /m dragon
[3/1/2024 12:23:5] /m dragon
[3/1/2024 12:23:5] /m dragon
[3/1/2024 12:23:5] /m dragon
[3/1/2024 12:23:5] /m dragon
[3/1/2024 12:23:6] /m dragon
[3/1/2024 12:23:6] /m dragon
[3/1/2024 12:23:9] /m dragon
[3/1/2024 12:23:10] /m dragon
[3/1/2024 12:23:10] /m dragon
[3/1/2024 12:23:10] /m dragon
[3/1/2024 12:23:10] /m dragon
[3/1/2024 12:23:10] /m dragon
[3/1/2024 12:23:16] /m demon
[3/1/2024 12:23:17] /m demon
[3/1/2024 12:23:17] /m demon
[3/1/2024 12:23:17] /m demon
[3/1/2024 12:23:17] /m demon
[3/1/2024 12:23:17] /m demon
[3/1/2024 12:23:17] /m demon
[3/1/2024 12:23:31] /m demon
[3/1/2024 12:23:31] /m demon
[3/1/2024 12:23:32] /m demon
[3/1/2024 12:23:32] /m demon
[3/1/2024 12:23:32] /m demon
[3/1/2024 12:23:32] /m demon
[3/1/2024 12:23:32] /m demon
[3/1/2024 12:23:32] /m demon
[3/1/2024 12:23:32] /m demon
[3/1/2024 12:23:32] /m demon
[3/1/2024 12:26:4] /m demon
[3/1/2024 12:26:4] /m demon
[3/1/2024 12:26:4] /m demon
[3/1/2024 12:26:4] /m demon
[3/1/2024 12:26:4] /m demon
[3/1/2024 12:26:4] /m demon
[3/1/2024 12:26:4] /m demon
[3/1/2024 12:26:4] /m demon
[3/1/2024 12:26:18] /m demon
[3/1/2024 12:26:18] /m demon
[3/1/2024 12:26:18] /m demon
[3/1/2024 12:26:18] /m demon
[3/1/2024 12:26:18] /m demon
[3/1/2024 12:26:18] /m demon
[3/1/2024 12:26:18] /m demon
[3/1/2024 12:26:18] /m demon
[3/1/2024 12:26:29] /m demon
[3/1/2024 12:26:29] /m demon
[3/1/2024 12:26:29] /m demon
[3/1/2024 12:26:29] /m demon
[3/1/2024 12:26:29] /m demon
[3/1/2024 12:26:29] /m demon
[3/1/2024 12:26:29] /m demon
[3/1/2024 12:26:30] /m demon
[3/1/2024 12:26:30] /m demon
[3/1/2024 12:28:24] /m demon
[3/1/2024 12:28:24] /m demon
[3/1/2024 12:28:24] /m demon
[3/1/2024 12:28:24] /m demon
[3/1/2024 12:28:25] /m demon
[3/1/2024 12:28:25] /m demon
[3/1/2024 12:28:25] /m demon
[3/1/2024 12:28:25] /m demon
[3/1/2024 12:28:25] /m demon
[3/1/2024 12:28:30] /m demon
[3/1/2024 12:28:30] /m demon
[3/1/2024 12:28:31] /m demon
[3/1/2024 12:28:31] /m demon
[3/1/2024 12:28:31] /m demon
[3/1/2024 12:28:31] /m demon
[3/1/2024 12:28:31] /m demon
[3/1/2024 12:28:36] /m demon
[3/1/2024 12:28:36] /m demon
[3/1/2024 12:28:36] /m demon
[3/1/2024 12:28:36] /m demon
[3/1/2024 12:28:36] /m demon
[3/1/2024 12:28:36] /m demon
[3/1/2024 12:28:37] /m demon
[3/1/2024 12:28:37] /m demon
[3/1/2024 12:28:37] /m demon
